Unity Editor version:    2021.2.7f1 (6bd9e232123f)
Branch:                  2021.2/staging
Build type:              Release
Batch mode:              YES
macOS version:           Version 12.0.1 (Build 21A559)
Darwin version:          21.1.0
Architecture:            arm64
Running under Rosetta:   NO
Available memory:        8192 MB
Using pre-set license
Pro License: NO

COMMAND LINE ARGUMENTS:
/Applications/Unity/Hub/Editor/2021.2.7f1/Unity.app/Contents/MacOS/Unity
-adb2
-batchMode
-noUpm
-name
AssetImportWorker1
-projectPath
/Users/larbuckle/Documents/Unity/unity-demo/Alien World
-logFile
Logs/AssetImportWorker1.log
-srvPort
62312
Successfully changed project path to: /Users/larbuckle/Documents/Unity/unity-demo/Alien World
/Users/larbuckle/Documents/Unity/unity-demo/Alien World
[UnityMemory] Configuration Parameters - Can be set up in boot.config
    "memorysetup-bucket-allocator-granularity=16"
    "memorysetup-bucket-allocator-bucket-count=8"
    "memorysetup-bucket-allocator-block-size=33554432"
    "memorysetup-bucket-allocator-block-count=8"
    "memorysetup-main-allocator-block-size=16777216"
    "memorysetup-thread-allocator-block-size=16777216"
    "memorysetup-gfx-main-allocator-block-size=16777216"
    "memorysetup-gfx-thread-allocator-block-size=16777216"
    "memorysetup-cache-allocator-block-size=4194304"
    "memorysetup-typetree-allocator-block-size=2097152"
    "memorysetup-profiler-bucket-allocator-granularity=16"
    "memorysetup-profiler-bucket-allocator-bucket-count=8"
    "memorysetup-profiler-bucket-allocator-block-size=33554432"
    "memorysetup-profiler-bucket-allocator-block-count=8"
    "memorysetup-profiler-allocator-block-size=16777216"
    "memorysetup-profiler-editor-allocator-block-size=1048576"
    "memorysetup-temp-allocator-size-main=16777216"
    "memorysetup-job-temp-allocator-block-size=2097152"
    "memorysetup-job-temp-allocator-block-size-background=1048576"
    "memorysetup-job-temp-allocator-reduction-small-platforms=262144"
    "memorysetup-temp-allocator-size-background-worker=32768"
    "memorysetup-temp-allocator-size-job-worker=262144"
    "memorysetup-temp-allocator-size-preload-manager=33554432"
    "memorysetup-temp-allocator-size-nav-mesh-worker=65536"
    "memorysetup-temp-allocator-size-audio-worker=65536"
    "memorysetup-temp-allocator-size-cloud-worker=32768"
    "memorysetup-temp-allocator-size-gi-baking-worker=262144"
    "memorysetup-temp-allocator-size-gfx=262144"
Refreshing native plugins compatible for Editor in 122.04 ms, found 2 plugins.
Preloading 0 native plugins for Editor in 0.00 ms.
Initialize engine version: 2021.2.7f1 (6bd9e232123f)
[Subsystems] Discovering subsystems at path /Applications/Unity/Hub/Editor/2021.2.7f1/Unity.app/Contents/Resources/UnitySubsystems
[Subsystems] Discovering subsystems at path /Users/larbuckle/Documents/Unity/unity-demo/Alien World/Assets
GfxDevice: creating device client; threaded=0; jobified=0
 preferred device: Apple M1 (high power)
Metal devices available: 1
0: Apple M1 (high power)
Using device Apple M1 (high power)
Initializing Metal device caps: Apple M1
Initialize mono
Mono path[0] = '/Applications/Unity/Hub/Editor/2021.2.7f1/Unity.app/Contents/Managed'
Mono path[1] = '/Applications/Unity/Hub/Editor/2021.2.7f1/Unity.app/Contents/MonoBleedingEdge/lib/mono/unityjit-macos'
Mono config path = '/Applications/Unity/Hub/Editor/2021.2.7f1/Unity.app/Contents/MonoBleedingEdge/etc'
Using monoOptions --debugger-agent=transport=dt_socket,embedding=1,server=y,suspend=n,address=127.0.0.1:56505
Begin MonoManager ReloadAssembly
Registering precompiled unity dll's ...
Register platform support module: /Applications/Unity/Hub/Editor/2021.2.7f1/PlaybackEngines/WebGLSupport/UnityEditor.WebGL.Extensions.dll
Register platform support module: /Applications/Unity/Hub/Editor/2021.2.7f1/Unity.app/Contents/PlaybackEngines/MacStandaloneSupport/UnityEditor.OSXStandalone.Extensions.dll
Registered in 0.002074 seconds.
Native extension for OSXStandalone target not found
Native extension for WebGL target not found
Refreshing native plugins compatible for Editor in 98.96 ms, found 2 plugins.
Preloading 0 native plugins for Editor in 0.00 ms.
Mono: successfully reloaded assembly
- Completed reload, in  0.660 seconds
Domain Reload Profiling:
	ReloadAssembly (660ms)
		BeginReloadAssembly (187ms)
			ExecutionOrderSort (0ms)
			DisableScriptedObjects (0ms)
			BackupInstance (0ms)
			ReleaseScriptingObjects (0ms)
			CreateAndSetChildDomain (3ms)
		EndReloadAssembly (412ms)
			LoadAssemblies (185ms)
			RebuildTransferFunctionScriptingTraits (1ms)
			SetupTypeCache (84ms)
			ReleaseScriptCaches (0ms)
			RebuildScriptCaches (20ms)
			SetupLoadedEditorAssemblies (271ms)
				LogAssemblyErrors (0ms)
				InitializePlatformSupportModulesInManaged (9ms)
				SetLoadedEditorAssemblies (0ms)
				RefreshPlugins (99ms)
				BeforeProcessingInitializeOnLoad (1ms)
				ProcessInitializeOnLoadAttributes (123ms)
				ProcessInitializeOnLoadMethodAttributes (38ms)
				AfterProcessingInitializeOnLoad (0ms)
				EditorAssembliesLoaded (0ms)
			ExecutionOrderSort2 (0ms)
			AwakeInstancesAfterBackupRestoration (0ms)
Platform modules already initialized, skipping
Registering precompiled user dll's ...
Registered in 0.049141 seconds.
Begin MonoManager ReloadAssembly
Symbol file LoadedFromMemory doesn't match image /Users/larbuckle/Documents/Unity/unity-demo/Alien World/Library/PackageCache/com.unity.visualscripting@1.7.6/Editor/VisualScripting.Core/Dependencies/YamlDotNet/Unity.VisualScripting.YamlDotNet.dll
Symbol file LoadedFromMemory doesn't match image /Users/larbuckle/Documents/Unity/unity-demo/Alien World/Library/PackageCache/com.unity.visualscripting@1.7.6/Editor/VisualScripting.Core/Dependencies/DotNetZip/Unity.VisualScripting.IonicZip.dll
Native extension for OSXStandalone target not found
Native extension for WebGL target not found
Refreshing native plugins compatible for Editor in 0.70 ms, found 2 plugins.
Preloading 0 native plugins for Editor in 0.00 ms.
[Area730] Started checking updates...
UnityEngine.StackTraceUtility:ExtractStackTrace () (at /Users/bokken/buildslave/unity/build/Runtime/Export/Scripting/StackTrace.cs:37)
UnityEngine.DebugLogHandler:LogFormat (UnityEngine.LogType,UnityEngine.Object,string,object[])
UnityEngine.Logger:Log (UnityEngine.LogType,object)
UnityEngine.Debug:Log (object)
Area730.UpdatesManager.UpdatePlugins:CheckUpdates () (at Assets/Images/Area730/UpdateManager/Editor/UpdatesWindow.cs:50)
Area730.UpdatesManager.UpdatePlugins:.cctor () (at Assets/Images/Area730/UpdateManager/Editor/UpdatesWindow.cs:43)
System.Runtime.CompilerServices.RuntimeHelpers:RunClassConstructor (System.RuntimeTypeHandle)
UnityEditor.EditorAssemblies:ProcessInitializeOnLoadAttributes (System.Type[]) (at /Users/bokken/buildslave/unity/build/Editor/Mono/EditorAssemblies.cs:126)

(Filename: Assets/Images/Area730/UpdateManager/Editor/UpdatesWindow.cs Line: 50)

Mono: successfully reloaded assembly
- Completed reload, in  0.796 seconds
Domain Reload Profiling:
	ReloadAssembly (797ms)
		BeginReloadAssembly (81ms)
			ExecutionOrderSort (0ms)
			DisableScriptedObjects (3ms)
			BackupInstance (0ms)
			ReleaseScriptingObjects (0ms)
			CreateAndSetChildDomain (14ms)
		EndReloadAssembly (653ms)
			LoadAssemblies (109ms)
			RebuildTransferFunctionScriptingTraits (0ms)
			SetupTypeCache (211ms)
			ReleaseScriptCaches (1ms)
			RebuildScriptCaches (49ms)
			SetupLoadedEditorAssemblies (281ms)
				LogAssemblyErrors (0ms)
				InitializePlatformSupportModulesInManaged (5ms)
				SetLoadedEditorAssemblies (0ms)
				RefreshPlugins (1ms)
				BeforeProcessingInitializeOnLoad (51ms)
				ProcessInitializeOnLoadAttributes (183ms)
				ProcessInitializeOnLoadMethodAttributes (40ms)
				AfterProcessingInitializeOnLoad (1ms)
				EditorAssembliesLoaded (0ms)
			ExecutionOrderSort2 (0ms)
			AwakeInstancesAfterBackupRestoration (2ms)
Platform modules already initialized, skipping
========================================================================
Worker process is ready to serve import requests
Launching external process: /Applications/Unity/Hub/Editor/2021.2.7f1/Unity.app/Contents/Tools/UnityShaderCompiler
Launched and connected shader compiler UnityShaderCompiler after 0.91 seconds
Refreshing native plugins compatible for Editor in 0.98 ms, found 2 plugins.
Preloading 0 native plugins for Editor in 0.00 ms.
Unloading 4619 Unused Serialized files (Serialized files now loaded: 0)
Unloading 30 unused Assets / (45.3 KB). Loaded Objects now: 5073.
Memory consumption went from 331.4 MB to 331.3 MB.
Total: 6.016792 ms (FindLiveObjects: 0.583958 ms CreateObjectMapping: 0.090167 ms MarkObjects: 5.229625 ms  DeleteObjects: 0.111875 ms)

AssetImportParameters requested are different than current active one (requested -> active):
  custom:video-decoder-ogg-theora: a1e56fd34408186e4bbccfd4996cb3dc -> 
  custom:container-muxer-webm: aa71ff27fc2769a1b78a27578f13a17b -> 
  custom:container-demuxer-webm: 4f35f7cbe854078d1ac9338744f61a02 -> 
  custom:video-encoder-webm-vp8: eb34c28f22e8b96e1ab97ce403110664 -> 
  custom:framework-osx-AVFoundation: e770b220cccbd017edd2c1fefb359320 -> 
  custom:audio-encoder-webm-vorbis: bf7c407c2cedff20999df2af8eb42d56 -> 
  custom:container-demuxer-ogg: 62fdf1f143b41e24485cea50d1cbac27 -> 
  custom:video-decoder-webm-vp8: 9c59270c3fd7afecdb556c50c9e8de78 -> 
  custom:audio-decoder-ogg-vorbis: bf7c407c2cedff20999df2af8eb42d56 -> 
========================================================================
Received Import Request.
  Time since last request: 322967.665604 seconds.
  path: Assets/Plugins/GameCreator/Extra/Icons/Toolbar/character.png
  artifactKey: Guid(5d2249752e553409aa953450b5326e2c) Importer(815301076,1909f56bfc062723c751e8b465ee728b)
Start importing Assets/Plugins/GameCreator/Extra/Icons/Toolbar/character.png using Guid(5d2249752e553409aa953450b5326e2c) Importer(815301076,1909f56bfc062723c751e8b465ee728b)  -> (artifact id: 'bc70a1c41613f36489c7f600fd57e2e0') in 0.507064 seconds 
========================================================================
Received Import Request.
  Time since last request: 0.000071 seconds.
  path: Assets/Plugins/GameCreator/Characters/Models/Character.fbx
  artifactKey: Guid(063fb308a99ef4d94bca2ed5cddb15c1) Importer(815301076,1909f56bfc062723c751e8b465ee728b)
Start importing Assets/Plugins/GameCreator/Characters/Models/Character.fbx using Guid(063fb308a99ef4d94bca2ed5cddb15c1) Importer(815301076,1909f56bfc062723c751e8b465ee728b)  -> (artifact id: 'baab7eaa8a51eab79b13ed0fc3ca9dd6') in 0.293279 seconds 
========================================================================
Received Import Request.
  Time since last request: 0.000066 seconds.
  path: Assets/Plugins/GameCreator/Extra/Icons/Actions/Character Attachment.png
  artifactKey: Guid(1247c3571eccb4e9cac836a7b0faa1f3) Importer(815301076,1909f56bfc062723c751e8b465ee728b)
Start importing Assets/Plugins/GameCreator/Extra/Icons/Actions/Character Attachment.png using Guid(1247c3571eccb4e9cac836a7b0faa1f3) Importer(815301076,1909f56bfc062723c751e8b465ee728b)  -> (artifact id: '023f97090fbdcaa34248b770e4f23c3b') in 0.013860 seconds 
========================================================================
Received Import Request.
  Time since last request: 0.000046 seconds.
  path: Assets/Plugins/GameCreator/Extra/Icons/Actions/Character Default State.png
  artifactKey: Guid(b7d2ad5e1cb924ecca19217d7257894e) Importer(815301076,1909f56bfc062723c751e8b465ee728b)
Start importing Assets/Plugins/GameCreator/Extra/Icons/Actions/Character Default State.png using Guid(b7d2ad5e1cb924ecca19217d7257894e) Importer(815301076,1909f56bfc062723c751e8b465ee728b)  -> (artifact id: '8b73509b2bb7dcbcdde13cb5558ce725') in 0.010964 seconds 
========================================================================
Received Import Request.
  Time since last request: 0.000060 seconds.
  path: Assets/Plugins/GameCreator/Extra/Icons/Actions/Character Hand.png
  artifactKey: Guid(dcb8b10f09de6486eb410ac0fb064c09) Importer(815301076,1909f56bfc062723c751e8b465ee728b)
Start importing Assets/Plugins/GameCreator/Extra/Icons/Actions/Character Hand.png using Guid(dcb8b10f09de6486eb410ac0fb064c09) Importer(815301076,1909f56bfc062723c751e8b465ee728b)  -> (artifact id: 'a5f1b5a43660a92cecfcf5a78a18d488') in 0.013701 seconds 
========================================================================
Received Import Request.
  Time since last request: 0.000051 seconds.
  path: Assets/Plugins/GameCreator/Extra/Icons/Actions/Character Direction.png
  artifactKey: Guid(1181d4df7c54443d0a27ce1f5a33bfa3) Importer(815301076,1909f56bfc062723c751e8b465ee728b)
Start importing Assets/Plugins/GameCreator/Extra/Icons/Actions/Character Direction.png using Guid(1181d4df7c54443d0a27ce1f5a33bfa3) Importer(815301076,1909f56bfc062723c751e8b465ee728b)  -> (artifact id: '998af2d807d75fe5e8ffbdda08dc5cc6') in 0.014506 seconds 
========================================================================
Received Import Request.
  Time since last request: 0.000061 seconds.
  path: Assets/Gizmos/GameCreator/Characters/Character icon.png
  artifactKey: Guid(b295f2f812b5c447f96df62ade4a6ec0) Importer(815301076,1909f56bfc062723c751e8b465ee728b)
Start importing Assets/Gizmos/GameCreator/Characters/Character icon.png using Guid(b295f2f812b5c447f96df62ade4a6ec0) Importer(815301076,1909f56bfc062723c751e8b465ee728b)  -> (artifact id: '200ca76afc87cb63be42ac0c48f83693') in 0.006972 seconds 
========================================================================
Received Import Request.
  Time since last request: 0.000034 seconds.
  path: Assets/Plugins/GameCreator/Extra/Icons/Actions/Character Follow.png
  artifactKey: Guid(e849e0b15e7664f5f97b8b264f49078a) Importer(815301076,1909f56bfc062723c751e8b465ee728b)
Start importing Assets/Plugins/GameCreator/Extra/Icons/Actions/Character Follow.png using Guid(e849e0b15e7664f5f97b8b264f49078a) Importer(815301076,1909f56bfc062723c751e8b465ee728b)  -> (artifact id: 'f8d1fc6366105cf2708b6e6ddc3617d1') in 0.005755 seconds 
========================================================================
Received Import Request.
  Time since last request: 0.000047 seconds.
  path: Assets/Plugins/GameCreator/Extra/Icons/Conditions/Character Capsule.png
  artifactKey: Guid(5f00c9d24c4394e16ad993c262bd585e) Importer(815301076,1909f56bfc062723c751e8b465ee728b)
Start importing Assets/Plugins/GameCreator/Extra/Icons/Conditions/Character Capsule.png using Guid(5f00c9d24c4394e16ad993c262bd585e) Importer(815301076,1909f56bfc062723c751e8b465ee728b)  -> (artifact id: '3db89c8446a4e1aa8b277d6a8149ca27') in 0.005965 seconds 
========================================================================
Received Import Request.
  Time since last request: 0.000039 seconds.
  path: Assets/Plugins/GameCreator/Extra/Icons/Actions/Character Gesture.png
  artifactKey: Guid(75b93bedeedea4b278398b26fb840a0e) Importer(815301076,1909f56bfc062723c751e8b465ee728b)
Start importing Assets/Plugins/GameCreator/Extra/Icons/Actions/Character Gesture.png using Guid(75b93bedeedea4b278398b26fb840a0e) Importer(815301076,1909f56bfc062723c751e8b465ee728b)  -> (artifact id: '62af46434be1ab5516ca7151a8f7eb25') in 0.005984 seconds 
========================================================================
Received Import Request.
  Time since last request: 0.000034 seconds.
  path: Assets/Plugins/GameCreator/Extra/Icons/Actions/Character Dash.png
  artifactKey: Guid(5e20ccdc9fbaa48aca6329cc777a3d35) Importer(815301076,1909f56bfc062723c751e8b465ee728b)
Start importing Assets/Plugins/GameCreator/Extra/Icons/Actions/Character Dash.png using Guid(5e20ccdc9fbaa48aca6329cc777a3d35) Importer(815301076,1909f56bfc062723c751e8b465ee728b)  -> (artifact id: 'de615e72e0f09aadd3cf1aa64e14ce1d') in 0.005750 seconds 
========================================================================
Received Import Request.
  Time since last request: 0.547250 seconds.
  path: Assets/Gizmos/GameCreator/Camera/CameraController icon.png
  artifactKey: Guid(0bf2c2b92e1f047c0b2e526e9b45157b) Importer(815301076,1909f56bfc062723c751e8b465ee728b)
Start importing Assets/Gizmos/GameCreator/Camera/CameraController icon.png using Guid(0bf2c2b92e1f047c0b2e526e9b45157b) Importer(815301076,1909f56bfc062723c751e8b465ee728b)  -> (artifact id: '7ab3f80dbce55b5f68c2ba110117f523') in 0.010717 seconds 
========================================================================
Received Import Request.
  Time since last request: 13.312044 seconds.
  path: Assets/Plugins/GameCreator/Extra/Icons/Actions/Character Model.png
  artifactKey: Guid(8acf5f60dbd1b416eae0889824a17d93) Importer(815301076,1909f56bfc062723c751e8b465ee728b)
Start importing Assets/Plugins/GameCreator/Extra/Icons/Actions/Character Model.png using Guid(8acf5f60dbd1b416eae0889824a17d93) Importer(815301076,1909f56bfc062723c751e8b465ee728b)  -> (artifact id: '2a30632cb20ff73b5bf736f5bf748958') in 0.055911 seconds 
========================================================================
Received Import Request.
  Time since last request: 0.000098 seconds.
  path: Assets/Plugins/GameCreator/Extra/Icons/Actions/Character Mount.png
  artifactKey: Guid(7d77784a23cd549eab15c106ff355de1) Importer(815301076,1909f56bfc062723c751e8b465ee728b)
Start importing Assets/Plugins/GameCreator/Extra/Icons/Actions/Character Mount.png using Guid(7d77784a23cd549eab15c106ff355de1) Importer(815301076,1909f56bfc062723c751e8b465ee728b)  -> (artifact id: '9ba62f334c8186cd2658f70bfc307168') in 0.007385 seconds 
========================================================================
Received Import Request.
  Time since last request: 0.000068 seconds.
  path: Assets/Plugins/GameCreator/Extra/Icons/Conditions/Character Property.png
  artifactKey: Guid(cfd03d286aabe481b8097ca57e17efea) Importer(815301076,1909f56bfc062723c751e8b465ee728b)
Start importing Assets/Plugins/GameCreator/Extra/Icons/Conditions/Character Property.png using Guid(cfd03d286aabe481b8097ca57e17efea) Importer(815301076,1909f56bfc062723c751e8b465ee728b)  -> (artifact id: 'f658b876ddd39b1184632e1027fde873') in 0.016672 seconds 
========================================================================
Received Import Request.
  Time since last request: 0.259931 seconds.
  path: Assets/Plugins/GameCreator/Extra/Icons/Actions/Character State.png
  artifactKey: Guid(ffac7a4a62d94470e9fdee44cf3839c2) Importer(815301076,1909f56bfc062723c751e8b465ee728b)
Start importing Assets/Plugins/GameCreator/Extra/Icons/Actions/Character State.png using Guid(ffac7a4a62d94470e9fdee44cf3839c2) Importer(815301076,1909f56bfc062723c751e8b465ee728b)  -> (artifact id: 'ac1d9fab9ee96e16fe78d7d6b7027bba') in 0.009894 seconds 
========================================================================
Received Import Request.
  Time since last request: 0.000038 seconds.
  path: Assets/Plugins/GameCreator/Extra/Icons/Actions/Character Visible.png
  artifactKey: Guid(c55ac177e5556408888e43a945a9bb4e) Importer(815301076,1909f56bfc062723c751e8b465ee728b)
Start importing Assets/Plugins/GameCreator/Extra/Icons/Actions/Character Visible.png using Guid(c55ac177e5556408888e43a945a9bb4e) Importer(815301076,1909f56bfc062723c751e8b465ee728b)  -> (artifact id: '7bbc59569b7dc7783b74d7ce0ef8896b') in 0.007441 seconds 
========================================================================
Received Import Request.
  Time since last request: 0.000047 seconds.
  path: Assets/Plugins/GameCreator/Extra/Icons/Actions/Character Stop Gesture.png
  artifactKey: Guid(8e3886bf2f3b542c8ba2d2d199f483a2) Importer(815301076,1909f56bfc062723c751e8b465ee728b)
Start importing Assets/Plugins/GameCreator/Extra/Icons/Actions/Character Stop Gesture.png using Guid(8e3886bf2f3b542c8ba2d2d199f483a2) Importer(815301076,1909f56bfc062723c751e8b465ee728b)  -> (artifact id: 'd10b0acf748d1d7f2fa72c33b8bad71d') in 0.006381 seconds 
========================================================================
Received Import Request.
  Time since last request: 0.244706 seconds.
  path: Assets/Plugins/GameCreator/Characters/Animations/Animations/Groups/LocomotionAir.asset
  artifactKey: Guid(23f3f421836ee4d8f900f8b383504990) Importer(815301076,1909f56bfc062723c751e8b465ee728b)
Start importing Assets/Plugins/GameCreator/Characters/Animations/Animations/Groups/LocomotionAir.asset using Guid(23f3f421836ee4d8f900f8b383504990) Importer(815301076,1909f56bfc062723c751e8b465ee728b)  -> (artifact id: 'a4cbc691450e6d7c2982a445196e93b0') in 0.081277 seconds 
========================================================================
Received Import Request.
  Time since last request: 0.611887 seconds.
  path: Assets/Plugins/GameCreator/Characters/Animations/Animations/Groups/StateCrouch.asset
  artifactKey: Guid(24239d311090646159b00d0da3ef4593) Importer(815301076,1909f56bfc062723c751e8b465ee728b)
Start importing Assets/Plugins/GameCreator/Characters/Animations/Animations/Groups/StateCrouch.asset using Guid(24239d311090646159b00d0da3ef4593) Importer(815301076,1909f56bfc062723c751e8b465ee728b)  -> (artifact id: 'abdef994e738f0c3cf9d32e076efa19d') in 0.290658 seconds 
========================================================================
Received Import Request.
  Time since last request: 0.173371 seconds.
  path: Assets/Plugins/GameCreator/Characters/Animations/Animations/Groups/StateDamage.asset
  artifactKey: Guid(8615ae0de86f84bd49c909ab07846ba1) Importer(815301076,1909f56bfc062723c751e8b465ee728b)
Start importing Assets/Plugins/GameCreator/Characters/Animations/Animations/Groups/StateDamage.asset using Guid(8615ae0de86f84bd49c909ab07846ba1) Importer(815301076,1909f56bfc062723c751e8b465ee728b)  -> (artifact id: '17f5408c4dbe8c2c4642804c77e4b8aa') in 0.362685 seconds 
========================================================================
Received Import Request.
  Time since last request: 0.613184 seconds.
  path: Assets/Plugins/GameCreator/Characters/Animations/Animations/Groups/LocomotionJump.asset
  artifactKey: Guid(c1f3af61278c54c04a6903b2212e4f4d) Importer(815301076,1909f56bfc062723c751e8b465ee728b)
Start importing Assets/Plugins/GameCreator/Characters/Animations/Animations/Groups/LocomotionJump.asset using Guid(c1f3af61278c54c04a6903b2212e4f4d) Importer(815301076,1909f56bfc062723c751e8b465ee728b)  -> (artifact id: 'fe1500d414cdc75a951e9e2cd6783d73') in 0.036043 seconds 
========================================================================
Received Import Request.
  Time since last request: 0.000034 seconds.
  path: Assets/Plugins/GameCreator/Characters/Animations/Animations/Groups/LocomotionPivot.asset
  artifactKey: Guid(f81a39aaf523943a78374a4b9573bfd7) Importer(815301076,1909f56bfc062723c751e8b465ee728b)
Start importing Assets/Plugins/GameCreator/Characters/Animations/Animations/Groups/LocomotionPivot.asset using Guid(f81a39aaf523943a78374a4b9573bfd7) Importer(815301076,1909f56bfc062723c751e8b465ee728b)  -> (artifact id: 'ebcd0c44c99a319fe350eb467f497940') in 0.022640 seconds 
========================================================================
Received Import Request.
  Time since last request: 0.000030 seconds.
  path: Assets/Plugins/GameCreator/Characters/Animations/Animations/Groups/LocomotionRun.asset
  artifactKey: Guid(d0448feeb4f2d4a16a49098ccac021d3) Importer(815301076,1909f56bfc062723c751e8b465ee728b)
Start importing Assets/Plugins/GameCreator/Characters/Animations/Animations/Groups/LocomotionRun.asset using Guid(d0448feeb4f2d4a16a49098ccac021d3) Importer(815301076,1909f56bfc062723c751e8b465ee728b)  -> (artifact id: '302e4c0267476057427f69b369087ce5') in 0.133191 seconds 
========================================================================
Received Import Request.
  Time since last request: 0.280892 seconds.
  path: Assets/Plugins/GameCreator/Characters/Animations/Animations/Groups/LocomotionRagdoll.asset
  artifactKey: Guid(e3a2eebe549364235b59f9dfdc456c61) Importer(815301076,1909f56bfc062723c751e8b465ee728b)
Start importing Assets/Plugins/GameCreator/Characters/Animations/Animations/Groups/LocomotionRagdoll.asset using Guid(e3a2eebe549364235b59f9dfdc456c61) Importer(815301076,1909f56bfc062723c751e8b465ee728b)  -> (artifact id: '9701c37b59820c65cd03a56502882a42') in 0.097888 seconds 
========================================================================
Received Import Request.
  Time since last request: 0.412032 seconds.
  path: Assets/Gizmos/GameCreator/Characters/CharacterAnimator icon.png
  artifactKey: Guid(271d77d169b2b4f72ae85f33315bb826) Importer(815301076,1909f56bfc062723c751e8b465ee728b)
Start importing Assets/Gizmos/GameCreator/Characters/CharacterAnimator icon.png using Guid(271d77d169b2b4f72ae85f33315bb826) Importer(815301076,1909f56bfc062723c751e8b465ee728b)  -> (artifact id: 'b4b7887b94deee58b314d9ee39fb6a76') in 0.014856 seconds 
========================================================================
Received Import Request.
  Time since last request: 0.069672 seconds.
  path: Assets/Plugins/GameCreator/Characters/Icons/CharacterAnimModel.png
  artifactKey: Guid(5fde265ae9a2c4ebdb08462d6921059c) Importer(815301076,1909f56bfc062723c751e8b465ee728b)
Start importing Assets/Plugins/GameCreator/Characters/Icons/CharacterAnimModel.png using Guid(5fde265ae9a2c4ebdb08462d6921059c) Importer(815301076,1909f56bfc062723c751e8b465ee728b)  -> (artifact id: '273a4e284c5b552d1359e5ac1b53d102') in 0.004480 seconds 
========================================================================
Received Import Request.
  Time since last request: 0.000036 seconds.
  path: Assets/Plugins/GameCreator/Characters/Icons/CharacterAnimParams.png
  artifactKey: Guid(2bb51c14763724f148896d5775c4e21b) Importer(815301076,1909f56bfc062723c751e8b465ee728b)
Start importing Assets/Plugins/GameCreator/Characters/Icons/CharacterAnimParams.png using Guid(2bb51c14763724f148896d5775c4e21b) Importer(815301076,1909f56bfc062723c751e8b465ee728b)  -> (artifact id: '799874384a7ab33f449897b24e77e17f') in 0.004659 seconds 
========================================================================
Received Import Request.
  Time since last request: 0.000036 seconds.
  path: Assets/Plugins/GameCreator/Characters/Icons/CharacterAnimRagdoll.png
  artifactKey: Guid(bd62480c119d342b799475c6ef98f3ed) Importer(815301076,1909f56bfc062723c751e8b465ee728b)
Start importing Assets/Plugins/GameCreator/Characters/Icons/CharacterAnimRagdoll.png using Guid(bd62480c119d342b799475c6ef98f3ed) Importer(815301076,1909f56bfc062723c751e8b465ee728b)  -> (artifact id: '64a3bc34eb78293cf0fbce67e2027709') in 0.003725 seconds 
========================================================================
Received Import Request.
  Time since last request: 5.907509 seconds.
  path: Assets/Gizmos/GameCreator/Characters/PlayerCharacter icon.png
  artifactKey: Guid(92f335ff1d95e4c5a93eb69897ae2b7f) Importer(815301076,1909f56bfc062723c751e8b465ee728b)
Start importing Assets/Gizmos/GameCreator/Characters/PlayerCharacter icon.png using Guid(92f335ff1d95e4c5a93eb69897ae2b7f) Importer(815301076,1909f56bfc062723c751e8b465ee728b)  -> (artifact id: '99d0007d7b7ffab39449dd58f048ca1b') in 0.011022 seconds 
